<?xml version="1.0" encoding="UTF-8"?>
<testng-results skipped="0" failed="0" ignored="0" total="1" passed="1">
  <reporter-output>
  </reporter-output>
  <suite name="Default suite" duration-ms="7607" started-at="2021-11-17T05:08:16Z" finished-at="2021-11-17T05:08:23Z">
    <groups>
    </groups>
    <test name="Default test" duration-ms="7607" started-at="2021-11-17T05:08:16Z" finished-at="2021-11-17T05:08:23Z">
      <class name="org.lo.NewTest">
        <test-method status="PASS" signature="f()[pri:0, instance:org.lo.NewTest@204f30ec]" name="f" duration-ms="7564" started-at="2021-11-17T05:08:16Z" finished-at="2021-11-17T05:08:23Z">
          <reporter-output>
          </reporter-output>
        </test-method> <!-- f -->
      </class> <!-- org.lo.NewTest -->
    </test> <!-- Default test -->
  </suite> <!-- Default suite -->
</testng-results>
